Analysis & Synthesis report for 32bit_adder
Thu Dec  1 19:05:09 2022
Quartus Prime Version 22.1std.0 Build 915 10/25/2022 SC Lite Edition


---------------------
; Table of Contents ;
---------------------
  1. Legal Notice
  2. Analysis & Synthesis Summary
  3. Analysis & Synthesis Settings
  4. Parallel Compilation
  5. Analysis & Synthesis Source Files Read
  6. Analysis & Synthesis Resource Usage Summary
  7. Analysis & Synthesis Resource Utilization by Entity
  8. General Register Statistics
  9. Post-Synthesis Netlist Statistics for Top Partition
 10. Elapsed Time Per Partition
 11. Analysis & Synthesis Messages



----------------
; Legal Notice ;
----------------
Copyright (C) 2022  Intel Corporation. All rights reserved.
Your use of Intel Corporation's design tools, logic functions 
and other software and tools, and any partner logic 
functions, and any output files from any of the foregoing 
(including device programming or simulation files), and any 
associated documentation or information are expressly subject 
to the terms and conditions of the Intel Program License 
Subscription Agreement, the Intel Quartus Prime License Agreement,
the Intel FPGA IP License Agreement, or other applicable license
agreement, including, without limitation, that your use is for
the sole purpose of programming logic devices manufactured by
Intel and sold by Intel or its authorized distributors.  Please
refer to the applicable agreement for further details, at
https://fpgasoftware.intel.com/eula.



+-------------------------------------------------------------------------------------+
; Analysis & Synthesis Summary                                                        ;
+------------------------------------+------------------------------------------------+
; Analysis & Synthesis Status        ; Successful - Thu Dec  1 19:05:09 2022          ;
; Quartus Prime Version              ; 22.1std.0 Build 915 10/25/2022 SC Lite Edition ;
; Revision Name                      ; 32bit_adder                                    ;
; Top-level Entity Name              ; FA_32                                          ;
; Family                             ; MAX 10                                         ;
; Total logic elements               ; 72                                             ;
;     Total combinational functions  ; 72                                             ;
;     Dedicated logic registers      ; 0                                              ;
; Total registers                    ; 0                                              ;
; Total pins                         ; 98                                             ;
; Total virtual pins                 ; 0                                              ;
; Total memory bits                  ; 0                                              ;
; Embedded Multiplier 9-bit elements ; 0                                              ;
; Total PLLs                         ; 0                                              ;
; UFM blocks                         ; 0                                              ;
; ADC blocks                         ; 0                                              ;
+------------------------------------+------------------------------------------------+


+------------------------------------------------------------------------------------------------------------+
; Analysis & Synthesis Settings                                                                              ;
+------------------------------------------------------------------+--------------------+--------------------+
; Option                                                           ; Setting            ; Default Value      ;
+------------------------------------------------------------------+--------------------+--------------------+
; Device                                                           ; 10M50DAF484C7G     ;                    ;
; Top-level entity name                                            ; FA_32              ; 32bit_adder        ;
; Family name                                                      ; MAX 10             ; Cyclone V          ;
; Type of Retiming Performed During Resynthesis                    ; Full               ;                    ;
; Resynthesis Optimization Effort                                  ; Normal             ;                    ;
; Physical Synthesis Level for Resynthesis                         ; Normal             ;                    ;
; Use Generated Physical Constraints File                          ; On                 ;                    ;
; Use smart compilation                                            ; Off                ; Off                ;
; Enable parallel Assembler and Timing Analyzer during compilation ; On                 ; On                 ;
; Enable compact report table                                      ; Off                ; Off                ;
; Restructure Multiplexers                                         ; Auto               ; Auto               ;
; Create Debugging Nodes for IP Cores                              ; Off                ; Off                ;
; Preserve fewer node names                                        ; On                 ; On                 ;
; Intel FPGA IP Evaluation Mode                                    ; Enable             ; Enable             ;
; Verilog Version                                                  ; Verilog_2001       ; Verilog_2001       ;
; VHDL Version                                                     ; VHDL_1993          ; VHDL_1993          ;
; State Machine Processing                                         ; Auto               ; Auto               ;
; Safe State Machine                                               ; Off                ; Off                ;
; Extract Verilog State Machines                                   ; On                 ; On                 ;
; Extract VHDL State Machines                                      ; On                 ; On                 ;
; Ignore Verilog initial constructs                                ; Off                ; Off                ;
; Iteration limit for constant Verilog loops                       ; 5000               ; 5000               ;
; Iteration limit for non-constant Verilog loops                   ; 250                ; 250                ;
; Add Pass-Through Logic to Inferred RAMs                          ; On                 ; On                 ;
; Infer RAMs from Raw Logic                                        ; On                 ; On                 ;
; Parallel Synthesis                                               ; On                 ; On                 ;
; DSP Block Balancing                                              ; Auto               ; Auto               ;
; NOT Gate Push-Back                                               ; On                 ; On                 ;
; Power-Up Don't Care                                              ; On                 ; On                 ;
; Remove Redundant Logic Cells                                     ; Off                ; Off                ;
; Remove Duplicate Registers                                       ; On                 ; On                 ;
; Ignore CARRY Buffers                                             ; Off                ; Off                ;
; Ignore CASCADE Buffers                                           ; Off                ; Off                ;
; Ignore GLOBAL Buffers                                            ; Off                ; Off                ;
; Ignore ROW GLOBAL Buffers                                        ; Off                ; Off                ;
; Ignore LCELL Buffers                                             ; Off                ; Off                ;
; Ignore SOFT Buffers                                              ; On                 ; On                 ;
; Limit AHDL Integers to 32 Bits                                   ; Off                ; Off                ;
; Optimization Technique                                           ; Balanced           ; Balanced           ;
; Carry Chain Length                                               ; 70                 ; 70                 ;
; Auto Carry Chains                                                ; On                 ; On                 ;
; Auto Open-Drain Pins                                             ; On                 ; On                 ;
; Perform WYSIWYG Primitive Resynthesis                            ; Off                ; Off                ;
; Auto ROM Replacement                                             ; On                 ; On                 ;
; Auto RAM Replacement                                             ; On                 ; On                 ;
; Auto DSP Block Replacement                                       ; On                 ; On                 ;
; Auto Shift Register Replacement                                  ; Auto               ; Auto               ;
; Allow Shift Register Merging across Hierarchies                  ; Auto               ; Auto               ;
; Auto Clock Enable Replacement                                    ; On                 ; On                 ;
; Strict RAM Replacement                                           ; Off                ; Off                ;
; Allow Synchronous Control Signals                                ; On                 ; On                 ;
; Force Use of Synchronous Clear Signals                           ; Off                ; Off                ;
; Auto RAM Block Balancing                                         ; On                 ; On                 ;
; Auto RAM to Logic Cell Conversion                                ; Off                ; Off                ;
; Auto Resource Sharing                                            ; Off                ; Off                ;
; Allow Any RAM Size For Recognition                               ; Off                ; Off                ;
; Allow Any ROM Size For Recognition                               ; Off                ; Off                ;
; Allow Any Shift Register Size For Recognition                    ; Off                ; Off                ;
; Use LogicLock Constraints during Resource Balancing              ; On                 ; On                 ;
; Ignore translate_off and synthesis_off directives                ; Off                ; Off                ;
; Timing-Driven Synthesis                                          ; On                 ; On                 ;
; Report Parameter Settings                                        ; On                 ; On                 ;
; Report Source Assignments                                        ; On                 ; On                 ;
; Report Connectivity Checks                                       ; On                 ; On                 ;
; Ignore Maximum Fan-Out Assignments                               ; Off                ; Off                ;
; Synchronization Register Chain Length                            ; 2                  ; 2                  ;
; Power Optimization During Synthesis                              ; Normal compilation ; Normal compilation ;
; HDL message level                                                ; Level2             ; Level2             ;
; Suppress Register Optimization Related Messages                  ; Off                ; Off                ;
; Number of Removed Registers Reported in Synthesis Report         ; 5000               ; 5000               ;
; Number of Swept Nodes Reported in Synthesis Report               ; 5000               ; 5000               ;
; Number of Inverted Registers Reported in Synthesis Report        ; 100                ; 100                ;
; Clock MUX Protection                                             ; On                 ; On                 ;
; Auto Gated Clock Conversion                                      ; Off                ; Off                ;
; Block Design Naming                                              ; Auto               ; Auto               ;
; SDC constraint protection                                        ; Off                ; Off                ;
; Synthesis Effort                                                 ; Auto               ; Auto               ;
; Shift Register Replacement - Allow Asynchronous Clear Signal     ; On                 ; On                 ;
; Pre-Mapping Resynthesis Optimization                             ; Off                ; Off                ;
; Analysis & Synthesis Message Level                               ; Medium             ; Medium             ;
; Disable Register Merging Across Hierarchies                      ; Auto               ; Auto               ;
; Resource Aware Inference For Block RAM                           ; On                 ; On                 ;
+------------------------------------------------------------------+--------------------+--------------------+


+------------------------------------------+
; Parallel Compilation                     ;
+----------------------------+-------------+
; Processors                 ; Number      ;
+----------------------------+-------------+
; Number detected on machine ; 4           ;
; Maximum allowed            ; 2           ;
;                            ;             ;
; Average used               ; 1.00        ;
; Maximum used               ; 1           ;
;                            ;             ;
; Usage by Processor         ; % Time Used ;
;     Processor 1            ; 100.0%      ;
+----------------------------+-------------+


+---------------------------------------------------------------------------------------------------------------------------------------------+
; Analysis & Synthesis Source Files Read                                                                                                      ;
+----------------------------------+-----------------+------------------------------+-----------------------------------------------+---------+
; File Name with User-Entered Path ; Used in Netlist ; File Type                    ; File Name with Absolute Path                  ; Library ;
+----------------------------------+-----------------+------------------------------+-----------------------------------------------+---------+
; HA.sv                            ; yes             ; User SystemVerilog HDL File  ; /home/alphadelta1803/Desktop/project/HA.sv    ;         ;
; And_1.sv                         ; yes             ; User SystemVerilog HDL File  ; /home/alphadelta1803/Desktop/project/And_1.sv ;         ;
; Xor_1.sv                         ; yes             ; User SystemVerilog HDL File  ; /home/alphadelta1803/Desktop/project/Xor_1.sv ;         ;
; Or_1.sv                          ; yes             ; User SystemVerilog HDL File  ; /home/alphadelta1803/Desktop/project/Or_1.sv  ;         ;
; FA_1.sv                          ; yes             ; User SystemVerilog HDL File  ; /home/alphadelta1803/Desktop/project/FA_1.sv  ;         ;
; FA_4.sv                          ; yes             ; User SystemVerilog HDL File  ; /home/alphadelta1803/Desktop/project/FA_4.sv  ;         ;
; FA_32.sv                         ; yes             ; User SystemVerilog HDL File  ; /home/alphadelta1803/Desktop/project/FA_32.sv ;         ;
+----------------------------------+-----------------+------------------------------+-----------------------------------------------+---------+


+-----------------------------------------------------------------------------+
; Analysis & Synthesis Resource Usage Summary                                 ;
+---------------------------------------------+-------------------------------+
; Resource                                    ; Usage                         ;
+---------------------------------------------+-------------------------------+
; Estimated Total logic elements              ; 72                            ;
;                                             ;                               ;
; Total combinational functions               ; 72                            ;
; Logic element usage by number of LUT inputs ;                               ;
;     -- 4 input functions                    ; 16                            ;
;     -- 3 input functions                    ; 44                            ;
;     -- <=2 input functions                  ; 12                            ;
;                                             ;                               ;
; Logic elements by mode                      ;                               ;
;     -- normal mode                          ; 72                            ;
;     -- arithmetic mode                      ; 0                             ;
;                                             ;                               ;
; Total registers                             ; 0                             ;
;     -- Dedicated logic registers            ; 0                             ;
;     -- I/O registers                        ; 0                             ;
;                                             ;                               ;
; I/O pins                                    ; 98                            ;
;                                             ;                               ;
; Embedded Multiplier 9-bit elements          ; 0                             ;
;                                             ;                               ;
; Maximum fan-out node                        ; FA_4:fa1|FA_1:fa1|Or_1:o1|y~0 ;
; Maximum fan-out                             ; 3                             ;
; Total fan-out                               ; 351                           ;
; Average fan-out                             ; 1.31                          ;
+---------------------------------------------+-------------------------------+


+---------------------------------------------------------------------------------------------------------------------------------------------------------------------------------------------------------------------------------------------------------+
; Analysis & Synthesis Resource Utilization by Entity                                                                                                                                                                                                     ;
+----------------------------+---------------------+---------------------------+-------------+------------+--------------+---------+-----------+------+--------------+------------+------------------------------------------+-------------+--------------+
; Compilation Hierarchy Node ; Combinational ALUTs ; Dedicated Logic Registers ; Memory Bits ; UFM Blocks ; DSP Elements ; DSP 9x9 ; DSP 18x18 ; Pins ; Virtual Pins ; ADC blocks ; Full Hierarchy Name                      ; Entity Name ; Library Name ;
+----------------------------+---------------------+---------------------------+-------------+------------+--------------+---------+-----------+------+--------------+------------+------------------------------------------+-------------+--------------+
; |FA_32                     ; 72 (0)              ; 0 (0)                     ; 0           ; 0          ; 0            ; 0       ; 0         ; 98   ; 0            ; 0          ; |FA_32                                   ; FA_32       ; work         ;
;    |FA_4:fa1|              ; 10 (0)              ; 0 (0)                     ; 0           ; 0          ; 0            ; 0       ; 0         ; 0    ; 0            ; 0          ; |FA_32|FA_4:fa1                          ; FA_4        ; work         ;
;       |FA_1:fa1|           ; 2 (0)               ; 0 (0)                     ; 0           ; 0          ; 0            ; 0       ; 0         ; 0    ; 0            ; 0          ; |FA_32|FA_4:fa1|FA_1:fa1                 ; FA_1        ; work         ;
;          |HA:ha2|          ; 1 (0)               ; 0 (0)                     ; 0           ; 0          ; 0            ; 0       ; 0         ; 0    ; 0            ; 0          ; |FA_32|FA_4:fa1|FA_1:fa1|HA:ha2          ; HA          ; work         ;
;             |Xor_1:g2|     ; 1 (1)               ; 0 (0)                     ; 0           ; 0          ; 0            ; 0       ; 0         ; 0    ; 0            ; 0          ; |FA_32|FA_4:fa1|FA_1:fa1|HA:ha2|Xor_1:g2 ; Xor_1       ; work         ;
;          |Or_1:o1|         ; 1 (1)               ; 0 (0)                     ; 0           ; 0          ; 0            ; 0       ; 0         ; 0    ; 0            ; 0          ; |FA_32|FA_4:fa1|FA_1:fa1|Or_1:o1         ; Or_1        ; work         ;
;       |FA_1:fa2|           ; 1 (0)               ; 0 (0)                     ; 0           ; 0          ; 0            ; 0       ; 0         ; 0    ; 0            ; 0          ; |FA_32|FA_4:fa1|FA_1:fa2                 ; FA_1        ; work         ;
;          |HA:ha2|          ; 1 (0)               ; 0 (0)                     ; 0           ; 0          ; 0            ; 0       ; 0         ; 0    ; 0            ; 0          ; |FA_32|FA_4:fa1|FA_1:fa2|HA:ha2          ; HA          ; work         ;
;             |Xor_1:g2|     ; 1 (1)               ; 0 (0)                     ; 0           ; 0          ; 0            ; 0       ; 0         ; 0    ; 0            ; 0          ; |FA_32|FA_4:fa1|FA_1:fa2|HA:ha2|Xor_1:g2 ; Xor_1       ; work         ;
;       |FA_1:fa3|           ; 5 (0)               ; 0 (0)                     ; 0           ; 0          ; 0            ; 0       ; 0         ; 0    ; 0            ; 0          ; |FA_32|FA_4:fa1|FA_1:fa3                 ; FA_1        ; work         ;
;          |HA:ha2|          ; 2 (0)               ; 0 (0)                     ; 0           ; 0          ; 0            ; 0       ; 0         ; 0    ; 0            ; 0          ; |FA_32|FA_4:fa1|FA_1:fa3|HA:ha2          ; HA          ; work         ;
;             |Xor_1:g2|     ; 2 (2)               ; 0 (0)                     ; 0           ; 0          ; 0            ; 0       ; 0         ; 0    ; 0            ; 0          ; |FA_32|FA_4:fa1|FA_1:fa3|HA:ha2|Xor_1:g2 ; Xor_1       ; work         ;
;          |Or_1:o1|         ; 3 (3)               ; 0 (0)                     ; 0           ; 0          ; 0            ; 0       ; 0         ; 0    ; 0            ; 0          ; |FA_32|FA_4:fa1|FA_1:fa3|Or_1:o1         ; Or_1        ; work         ;
;       |FA_1:fa4|           ; 2 (0)               ; 0 (0)                     ; 0           ; 0          ; 0            ; 0       ; 0         ; 0    ; 0            ; 0          ; |FA_32|FA_4:fa1|FA_1:fa4                 ; FA_1        ; work         ;
;          |HA:ha2|          ; 1 (0)               ; 0 (0)                     ; 0           ; 0          ; 0            ; 0       ; 0         ; 0    ; 0            ; 0          ; |FA_32|FA_4:fa1|FA_1:fa4|HA:ha2          ; HA          ; work         ;
;             |Xor_1:g2|     ; 1 (1)               ; 0 (0)                     ; 0           ; 0          ; 0            ; 0       ; 0         ; 0    ; 0            ; 0          ; |FA_32|FA_4:fa1|FA_1:fa4|HA:ha2|Xor_1:g2 ; Xor_1       ; work         ;
;          |Or_1:o1|         ; 1 (1)               ; 0 (0)                     ; 0           ; 0          ; 0            ; 0       ; 0         ; 0    ; 0            ; 0          ; |FA_32|FA_4:fa1|FA_1:fa4|Or_1:o1         ; Or_1        ; work         ;
;    |FA_4:fa2|              ; 8 (0)               ; 0 (0)                     ; 0           ; 0          ; 0            ; 0       ; 0         ; 0    ; 0            ; 0          ; |FA_32|FA_4:fa2                          ; FA_4        ; work         ;
;       |FA_1:fa1|           ; 2 (0)               ; 0 (0)                     ; 0           ; 0          ; 0            ; 0       ; 0         ; 0    ; 0            ; 0          ; |FA_32|FA_4:fa2|FA_1:fa1                 ; FA_1        ; work         ;
;          |HA:ha2|          ; 1 (0)               ; 0 (0)                     ; 0           ; 0          ; 0            ; 0       ; 0         ; 0    ; 0            ; 0          ; |FA_32|FA_4:fa2|FA_1:fa1|HA:ha2          ; HA          ; work         ;
;             |Xor_1:g2|     ; 1 (1)               ; 0 (0)                     ; 0           ; 0          ; 0            ; 0       ; 0         ; 0    ; 0            ; 0          ; |FA_32|FA_4:fa2|FA_1:fa1|HA:ha2|Xor_1:g2 ; Xor_1       ; work         ;
;          |Or_1:o1|         ; 1 (1)               ; 0 (0)                     ; 0           ; 0          ; 0            ; 0       ; 0         ; 0    ; 0            ; 0          ; |FA_32|FA_4:fa2|FA_1:fa1|Or_1:o1         ; Or_1        ; work         ;
;       |FA_1:fa2|           ; 2 (0)               ; 0 (0)                     ; 0           ; 0          ; 0            ; 0       ; 0         ; 0    ; 0            ; 0          ; |FA_32|FA_4:fa2|FA_1:fa2                 ; FA_1        ; work         ;
;          |HA:ha2|          ; 1 (0)               ; 0 (0)                     ; 0           ; 0          ; 0            ; 0       ; 0         ; 0    ; 0            ; 0          ; |FA_32|FA_4:fa2|FA_1:fa2|HA:ha2          ; HA          ; work         ;
;             |Xor_1:g2|     ; 1 (1)               ; 0 (0)                     ; 0           ; 0          ; 0            ; 0       ; 0         ; 0    ; 0            ; 0          ; |FA_32|FA_4:fa2|FA_1:fa2|HA:ha2|Xor_1:g2 ; Xor_1       ; work         ;
;          |Or_1:o1|         ; 1 (1)               ; 0 (0)                     ; 0           ; 0          ; 0            ; 0       ; 0         ; 0    ; 0            ; 0          ; |FA_32|FA_4:fa2|FA_1:fa2|Or_1:o1         ; Or_1        ; work         ;
;       |FA_1:fa3|           ; 2 (0)               ; 0 (0)                     ; 0           ; 0          ; 0            ; 0       ; 0         ; 0    ; 0            ; 0          ; |FA_32|FA_4:fa2|FA_1:fa3                 ; FA_1        ; work         ;
;          |HA:ha2|          ; 1 (0)               ; 0 (0)                     ; 0           ; 0          ; 0            ; 0       ; 0         ; 0    ; 0            ; 0          ; |FA_32|FA_4:fa2|FA_1:fa3|HA:ha2          ; HA          ; work         ;
;             |Xor_1:g2|     ; 1 (1)               ; 0 (0)                     ; 0           ; 0          ; 0            ; 0       ; 0         ; 0    ; 0            ; 0          ; |FA_32|FA_4:fa2|FA_1:fa3|HA:ha2|Xor_1:g2 ; Xor_1       ; work         ;
;          |Or_1:o1|         ; 1 (1)               ; 0 (0)                     ; 0           ; 0          ; 0            ; 0       ; 0         ; 0    ; 0            ; 0          ; |FA_32|FA_4:fa2|FA_1:fa3|Or_1:o1         ; Or_1        ; work         ;
;       |FA_1:fa4|           ; 2 (0)               ; 0 (0)                     ; 0           ; 0          ; 0            ; 0       ; 0         ; 0    ; 0            ; 0          ; |FA_32|FA_4:fa2|FA_1:fa4                 ; FA_1        ; work         ;
;          |HA:ha2|          ; 1 (0)               ; 0 (0)                     ; 0           ; 0          ; 0            ; 0       ; 0         ; 0    ; 0            ; 0          ; |FA_32|FA_4:fa2|FA_1:fa4|HA:ha2          ; HA          ; work         ;
;             |Xor_1:g2|     ; 1 (1)               ; 0 (0)                     ; 0           ; 0          ; 0            ; 0       ; 0         ; 0    ; 0            ; 0          ; |FA_32|FA_4:fa2|FA_1:fa4|HA:ha2|Xor_1:g2 ; Xor_1       ; work         ;
;          |Or_1:o1|         ; 1 (1)               ; 0 (0)                     ; 0           ; 0          ; 0            ; 0       ; 0         ; 0    ; 0            ; 0          ; |FA_32|FA_4:fa2|FA_1:fa4|Or_1:o1         ; Or_1        ; work         ;
;    |FA_4:fa3|              ; 10 (0)              ; 0 (0)                     ; 0           ; 0          ; 0            ; 0       ; 0         ; 0    ; 0            ; 0          ; |FA_32|FA_4:fa3                          ; FA_4        ; work         ;
;       |FA_1:fa1|           ; 2 (0)               ; 0 (0)                     ; 0           ; 0          ; 0            ; 0       ; 0         ; 0    ; 0            ; 0          ; |FA_32|FA_4:fa3|FA_1:fa1                 ; FA_1        ; work         ;
;          |HA:ha2|          ; 1 (0)               ; 0 (0)                     ; 0           ; 0          ; 0            ; 0       ; 0         ; 0    ; 0            ; 0          ; |FA_32|FA_4:fa3|FA_1:fa1|HA:ha2          ; HA          ; work         ;
;             |Xor_1:g2|     ; 1 (1)               ; 0 (0)                     ; 0           ; 0          ; 0            ; 0       ; 0         ; 0    ; 0            ; 0          ; |FA_32|FA_4:fa3|FA_1:fa1|HA:ha2|Xor_1:g2 ; Xor_1       ; work         ;
;          |Or_1:o1|         ; 1 (1)               ; 0 (0)                     ; 0           ; 0          ; 0            ; 0       ; 0         ; 0    ; 0            ; 0          ; |FA_32|FA_4:fa3|FA_1:fa1|Or_1:o1         ; Or_1        ; work         ;
;       |FA_1:fa2|           ; 1 (0)               ; 0 (0)                     ; 0           ; 0          ; 0            ; 0       ; 0         ; 0    ; 0            ; 0          ; |FA_32|FA_4:fa3|FA_1:fa2                 ; FA_1        ; work         ;
;          |HA:ha2|          ; 1 (0)               ; 0 (0)                     ; 0           ; 0          ; 0            ; 0       ; 0         ; 0    ; 0            ; 0          ; |FA_32|FA_4:fa3|FA_1:fa2|HA:ha2          ; HA          ; work         ;
;             |Xor_1:g2|     ; 1 (1)               ; 0 (0)                     ; 0           ; 0          ; 0            ; 0       ; 0         ; 0    ; 0            ; 0          ; |FA_32|FA_4:fa3|FA_1:fa2|HA:ha2|Xor_1:g2 ; Xor_1       ; work         ;
;       |FA_1:fa3|           ; 5 (0)               ; 0 (0)                     ; 0           ; 0          ; 0            ; 0       ; 0         ; 0    ; 0            ; 0          ; |FA_32|FA_4:fa3|FA_1:fa3                 ; FA_1        ; work         ;
;          |HA:ha2|          ; 2 (0)               ; 0 (0)                     ; 0           ; 0          ; 0            ; 0       ; 0         ; 0    ; 0            ; 0          ; |FA_32|FA_4:fa3|FA_1:fa3|HA:ha2          ; HA          ; work         ;
;             |Xor_1:g2|     ; 2 (2)               ; 0 (0)                     ; 0           ; 0          ; 0            ; 0       ; 0         ; 0    ; 0            ; 0          ; |FA_32|FA_4:fa3|FA_1:fa3|HA:ha2|Xor_1:g2 ; Xor_1       ; work         ;
;          |Or_1:o1|         ; 3 (3)               ; 0 (0)                     ; 0           ; 0          ; 0            ; 0       ; 0         ; 0    ; 0            ; 0          ; |FA_32|FA_4:fa3|FA_1:fa3|Or_1:o1         ; Or_1        ; work         ;
;       |FA_1:fa4|           ; 2 (0)               ; 0 (0)                     ; 0           ; 0          ; 0            ; 0       ; 0         ; 0    ; 0            ; 0          ; |FA_32|FA_4:fa3|FA_1:fa4                 ; FA_1        ; work         ;
;          |HA:ha2|          ; 1 (0)               ; 0 (0)                     ; 0           ; 0          ; 0            ; 0       ; 0         ; 0    ; 0            ; 0          ; |FA_32|FA_4:fa3|FA_1:fa4|HA:ha2          ; HA          ; work         ;
;             |Xor_1:g2|     ; 1 (1)               ; 0 (0)                     ; 0           ; 0          ; 0            ; 0       ; 0         ; 0    ; 0            ; 0          ; |FA_32|FA_4:fa3|FA_1:fa4|HA:ha2|Xor_1:g2 ; Xor_1       ; work         ;
;          |Or_1:o1|         ; 1 (1)               ; 0 (0)                     ; 0           ; 0          ; 0            ; 0       ; 0         ; 0    ; 0            ; 0          ; |FA_32|FA_4:fa3|FA_1:fa4|Or_1:o1         ; Or_1        ; work         ;
;    |FA_4:fa4|              ; 10 (0)              ; 0 (0)                     ; 0           ; 0          ; 0            ; 0       ; 0         ; 0    ; 0            ; 0          ; |FA_32|FA_4:fa4                          ; FA_4        ; work         ;
;       |FA_1:fa1|           ; 2 (0)               ; 0 (0)                     ; 0           ; 0          ; 0            ; 0       ; 0         ; 0    ; 0            ; 0          ; |FA_32|FA_4:fa4|FA_1:fa1                 ; FA_1        ; work         ;
;          |HA:ha2|          ; 1 (0)               ; 0 (0)                     ; 0           ; 0          ; 0            ; 0       ; 0         ; 0    ; 0            ; 0          ; |FA_32|FA_4:fa4|FA_1:fa1|HA:ha2          ; HA          ; work         ;
;             |Xor_1:g2|     ; 1 (1)               ; 0 (0)                     ; 0           ; 0          ; 0            ; 0       ; 0         ; 0    ; 0            ; 0          ; |FA_32|FA_4:fa4|FA_1:fa1|HA:ha2|Xor_1:g2 ; Xor_1       ; work         ;
;          |Or_1:o1|         ; 1 (1)               ; 0 (0)                     ; 0           ; 0          ; 0            ; 0       ; 0         ; 0    ; 0            ; 0          ; |FA_32|FA_4:fa4|FA_1:fa1|Or_1:o1         ; Or_1        ; work         ;
;       |FA_1:fa2|           ; 1 (0)               ; 0 (0)                     ; 0           ; 0          ; 0            ; 0       ; 0         ; 0    ; 0            ; 0          ; |FA_32|FA_4:fa4|FA_1:fa2                 ; FA_1        ; work         ;
;          |HA:ha2|          ; 1 (0)               ; 0 (0)                     ; 0           ; 0          ; 0            ; 0       ; 0         ; 0    ; 0            ; 0          ; |FA_32|FA_4:fa4|FA_1:fa2|HA:ha2          ; HA          ; work         ;
;             |Xor_1:g2|     ; 1 (1)               ; 0 (0)                     ; 0           ; 0          ; 0            ; 0       ; 0         ; 0    ; 0            ; 0          ; |FA_32|FA_4:fa4|FA_1:fa2|HA:ha2|Xor_1:g2 ; Xor_1       ; work         ;
;       |FA_1:fa3|           ; 5 (0)               ; 0 (0)                     ; 0           ; 0          ; 0            ; 0       ; 0         ; 0    ; 0            ; 0          ; |FA_32|FA_4:fa4|FA_1:fa3                 ; FA_1        ; work         ;
;          |HA:ha2|          ; 2 (0)               ; 0 (0)                     ; 0           ; 0          ; 0            ; 0       ; 0         ; 0    ; 0            ; 0          ; |FA_32|FA_4:fa4|FA_1:fa3|HA:ha2          ; HA          ; work         ;
;             |Xor_1:g2|     ; 2 (2)               ; 0 (0)                     ; 0           ; 0          ; 0            ; 0       ; 0         ; 0    ; 0            ; 0          ; |FA_32|FA_4:fa4|FA_1:fa3|HA:ha2|Xor_1:g2 ; Xor_1       ; work         ;
;          |Or_1:o1|         ; 3 (3)               ; 0 (0)                     ; 0           ; 0          ; 0            ; 0       ; 0         ; 0    ; 0            ; 0          ; |FA_32|FA_4:fa4|FA_1:fa3|Or_1:o1         ; Or_1        ; work         ;
;       |FA_1:fa4|           ; 2 (0)               ; 0 (0)                     ; 0           ; 0          ; 0            ; 0       ; 0         ; 0    ; 0            ; 0          ; |FA_32|FA_4:fa4|FA_1:fa4                 ; FA_1        ; work         ;
;          |HA:ha2|          ; 1 (0)               ; 0 (0)                     ; 0           ; 0          ; 0            ; 0       ; 0         ; 0    ; 0            ; 0          ; |FA_32|FA_4:fa4|FA_1:fa4|HA:ha2          ; HA          ; work         ;
;             |Xor_1:g2|     ; 1 (1)               ; 0 (0)                     ; 0           ; 0          ; 0            ; 0       ; 0         ; 0    ; 0            ; 0          ; |FA_32|FA_4:fa4|FA_1:fa4|HA:ha2|Xor_1:g2 ; Xor_1       ; work         ;
;          |Or_1:o1|         ; 1 (1)               ; 0 (0)                     ; 0           ; 0          ; 0            ; 0       ; 0         ; 0    ; 0            ; 0          ; |FA_32|FA_4:fa4|FA_1:fa4|Or_1:o1         ; Or_1        ; work         ;
;    |FA_4:fa5|              ; 8 (0)               ; 0 (0)                     ; 0           ; 0          ; 0            ; 0       ; 0         ; 0    ; 0            ; 0          ; |FA_32|FA_4:fa5                          ; FA_4        ; work         ;
;       |FA_1:fa1|           ; 2 (0)               ; 0 (0)                     ; 0           ; 0          ; 0            ; 0       ; 0         ; 0    ; 0            ; 0          ; |FA_32|FA_4:fa5|FA_1:fa1                 ; FA_1        ; work         ;
;          |HA:ha2|          ; 1 (0)               ; 0 (0)                     ; 0           ; 0          ; 0            ; 0       ; 0         ; 0    ; 0            ; 0          ; |FA_32|FA_4:fa5|FA_1:fa1|HA:ha2          ; HA          ; work         ;
;             |Xor_1:g2|     ; 1 (1)               ; 0 (0)                     ; 0           ; 0          ; 0            ; 0       ; 0         ; 0    ; 0            ; 0          ; |FA_32|FA_4:fa5|FA_1:fa1|HA:ha2|Xor_1:g2 ; Xor_1       ; work         ;
;          |Or_1:o1|         ; 1 (1)               ; 0 (0)                     ; 0           ; 0          ; 0            ; 0       ; 0         ; 0    ; 0            ; 0          ; |FA_32|FA_4:fa5|FA_1:fa1|Or_1:o1         ; Or_1        ; work         ;
;       |FA_1:fa2|           ; 2 (0)               ; 0 (0)                     ; 0           ; 0          ; 0            ; 0       ; 0         ; 0    ; 0            ; 0          ; |FA_32|FA_4:fa5|FA_1:fa2                 ; FA_1        ; work         ;
;          |HA:ha2|          ; 1 (0)               ; 0 (0)                     ; 0           ; 0          ; 0            ; 0       ; 0         ; 0    ; 0            ; 0          ; |FA_32|FA_4:fa5|FA_1:fa2|HA:ha2          ; HA          ; work         ;
;             |Xor_1:g2|     ; 1 (1)               ; 0 (0)                     ; 0           ; 0          ; 0            ; 0       ; 0         ; 0    ; 0            ; 0          ; |FA_32|FA_4:fa5|FA_1:fa2|HA:ha2|Xor_1:g2 ; Xor_1       ; work         ;
;          |Or_1:o1|         ; 1 (1)               ; 0 (0)                     ; 0           ; 0          ; 0            ; 0       ; 0         ; 0    ; 0            ; 0          ; |FA_32|FA_4:fa5|FA_1:fa2|Or_1:o1         ; Or_1        ; work         ;
;       |FA_1:fa3|           ; 2 (0)               ; 0 (0)                     ; 0           ; 0          ; 0            ; 0       ; 0         ; 0    ; 0            ; 0          ; |FA_32|FA_4:fa5|FA_1:fa3                 ; FA_1        ; work         ;
;          |HA:ha2|          ; 1 (0)               ; 0 (0)                     ; 0           ; 0          ; 0            ; 0       ; 0         ; 0    ; 0            ; 0          ; |FA_32|FA_4:fa5|FA_1:fa3|HA:ha2          ; HA          ; work         ;
;             |Xor_1:g2|     ; 1 (1)               ; 0 (0)                     ; 0           ; 0          ; 0            ; 0       ; 0         ; 0    ; 0            ; 0          ; |FA_32|FA_4:fa5|FA_1:fa3|HA:ha2|Xor_1:g2 ; Xor_1       ; work         ;
;          |Or_1:o1|         ; 1 (1)               ; 0 (0)                     ; 0           ; 0          ; 0            ; 0       ; 0         ; 0    ; 0            ; 0          ; |FA_32|FA_4:fa5|FA_1:fa3|Or_1:o1         ; Or_1        ; work         ;
;       |FA_1:fa4|           ; 2 (0)               ; 0 (0)                     ; 0           ; 0          ; 0            ; 0       ; 0         ; 0    ; 0            ; 0          ; |FA_32|FA_4:fa5|FA_1:fa4                 ; FA_1        ; work         ;
;          |HA:ha2|          ; 1 (0)               ; 0 (0)                     ; 0           ; 0          ; 0            ; 0       ; 0         ; 0    ; 0            ; 0          ; |FA_32|FA_4:fa5|FA_1:fa4|HA:ha2          ; HA          ; work         ;
;             |Xor_1:g2|     ; 1 (1)               ; 0 (0)                     ; 0           ; 0          ; 0            ; 0       ; 0         ; 0    ; 0            ; 0          ; |FA_32|FA_4:fa5|FA_1:fa4|HA:ha2|Xor_1:g2 ; Xor_1       ; work         ;
;          |Or_1:o1|         ; 1 (1)               ; 0 (0)                     ; 0           ; 0          ; 0            ; 0       ; 0         ; 0    ; 0            ; 0          ; |FA_32|FA_4:fa5|FA_1:fa4|Or_1:o1         ; Or_1        ; work         ;
;    |FA_4:fa6|              ; 10 (0)              ; 0 (0)                     ; 0           ; 0          ; 0            ; 0       ; 0         ; 0    ; 0            ; 0          ; |FA_32|FA_4:fa6                          ; FA_4        ; work         ;
;       |FA_1:fa1|           ; 2 (0)               ; 0 (0)                     ; 0           ; 0          ; 0            ; 0       ; 0         ; 0    ; 0            ; 0          ; |FA_32|FA_4:fa6|FA_1:fa1                 ; FA_1        ; work         ;
;          |HA:ha2|          ; 1 (0)               ; 0 (0)                     ; 0           ; 0          ; 0            ; 0       ; 0         ; 0    ; 0            ; 0          ; |FA_32|FA_4:fa6|FA_1:fa1|HA:ha2          ; HA          ; work         ;
;             |Xor_1:g2|     ; 1 (1)               ; 0 (0)                     ; 0           ; 0          ; 0            ; 0       ; 0         ; 0    ; 0            ; 0          ; |FA_32|FA_4:fa6|FA_1:fa1|HA:ha2|Xor_1:g2 ; Xor_1       ; work         ;
;          |Or_1:o1|         ; 1 (1)               ; 0 (0)                     ; 0           ; 0          ; 0            ; 0       ; 0         ; 0    ; 0            ; 0          ; |FA_32|FA_4:fa6|FA_1:fa1|Or_1:o1         ; Or_1        ; work         ;
;       |FA_1:fa2|           ; 1 (0)               ; 0 (0)                     ; 0           ; 0          ; 0            ; 0       ; 0         ; 0    ; 0            ; 0          ; |FA_32|FA_4:fa6|FA_1:fa2                 ; FA_1        ; work         ;
;          |HA:ha2|          ; 1 (0)               ; 0 (0)                     ; 0           ; 0          ; 0            ; 0       ; 0         ; 0    ; 0            ; 0          ; |FA_32|FA_4:fa6|FA_1:fa2|HA:ha2          ; HA          ; work         ;
;             |Xor_1:g2|     ; 1 (1)               ; 0 (0)                     ; 0           ; 0          ; 0            ; 0       ; 0         ; 0    ; 0            ; 0          ; |FA_32|FA_4:fa6|FA_1:fa2|HA:ha2|Xor_1:g2 ; Xor_1       ; work         ;
;       |FA_1:fa3|           ; 5 (0)               ; 0 (0)                     ; 0           ; 0          ; 0            ; 0       ; 0         ; 0    ; 0            ; 0          ; |FA_32|FA_4:fa6|FA_1:fa3                 ; FA_1        ; work         ;
;          |HA:ha2|          ; 2 (0)               ; 0 (0)                     ; 0           ; 0          ; 0            ; 0       ; 0         ; 0    ; 0            ; 0          ; |FA_32|FA_4:fa6|FA_1:fa3|HA:ha2          ; HA          ; work         ;
;             |Xor_1:g2|     ; 2 (2)               ; 0 (0)                     ; 0           ; 0          ; 0            ; 0       ; 0         ; 0    ; 0            ; 0          ; |FA_32|FA_4:fa6|FA_1:fa3|HA:ha2|Xor_1:g2 ; Xor_1       ; work         ;
;          |Or_1:o1|         ; 3 (3)               ; 0 (0)                     ; 0           ; 0          ; 0            ; 0       ; 0         ; 0    ; 0            ; 0          ; |FA_32|FA_4:fa6|FA_1:fa3|Or_1:o1         ; Or_1        ; work         ;
;       |FA_1:fa4|           ; 2 (0)               ; 0 (0)                     ; 0           ; 0          ; 0            ; 0       ; 0         ; 0    ; 0            ; 0          ; |FA_32|FA_4:fa6|FA_1:fa4                 ; FA_1        ; work         ;
;          |HA:ha2|          ; 1 (0)               ; 0 (0)                     ; 0           ; 0          ; 0            ; 0       ; 0         ; 0    ; 0            ; 0          ; |FA_32|FA_4:fa6|FA_1:fa4|HA:ha2          ; HA          ; work         ;
;             |Xor_1:g2|     ; 1 (1)               ; 0 (0)                     ; 0           ; 0          ; 0            ; 0       ; 0         ; 0    ; 0            ; 0          ; |FA_32|FA_4:fa6|FA_1:fa4|HA:ha2|Xor_1:g2 ; Xor_1       ; work         ;
;          |Or_1:o1|         ; 1 (1)               ; 0 (0)                     ; 0           ; 0          ; 0            ; 0       ; 0         ; 0    ; 0            ; 0          ; |FA_32|FA_4:fa6|FA_1:fa4|Or_1:o1         ; Or_1        ; work         ;
;    |FA_4:fa7|              ; 8 (0)               ; 0 (0)                     ; 0           ; 0          ; 0            ; 0       ; 0         ; 0    ; 0            ; 0          ; |FA_32|FA_4:fa7                          ; FA_4        ; work         ;
;       |FA_1:fa1|           ; 2 (0)               ; 0 (0)                     ; 0           ; 0          ; 0            ; 0       ; 0         ; 0    ; 0            ; 0          ; |FA_32|FA_4:fa7|FA_1:fa1                 ; FA_1        ; work         ;
;          |HA:ha2|          ; 1 (0)               ; 0 (0)                     ; 0           ; 0          ; 0            ; 0       ; 0         ; 0    ; 0            ; 0          ; |FA_32|FA_4:fa7|FA_1:fa1|HA:ha2          ; HA          ; work         ;
;             |Xor_1:g2|     ; 1 (1)               ; 0 (0)                     ; 0           ; 0          ; 0            ; 0       ; 0         ; 0    ; 0            ; 0          ; |FA_32|FA_4:fa7|FA_1:fa1|HA:ha2|Xor_1:g2 ; Xor_1       ; work         ;
;          |Or_1:o1|         ; 1 (1)               ; 0 (0)                     ; 0           ; 0          ; 0            ; 0       ; 0         ; 0    ; 0            ; 0          ; |FA_32|FA_4:fa7|FA_1:fa1|Or_1:o1         ; Or_1        ; work         ;
;       |FA_1:fa2|           ; 2 (0)               ; 0 (0)                     ; 0           ; 0          ; 0            ; 0       ; 0         ; 0    ; 0            ; 0          ; |FA_32|FA_4:fa7|FA_1:fa2                 ; FA_1        ; work         ;
;          |HA:ha2|          ; 1 (0)               ; 0 (0)                     ; 0           ; 0          ; 0            ; 0       ; 0         ; 0    ; 0            ; 0          ; |FA_32|FA_4:fa7|FA_1:fa2|HA:ha2          ; HA          ; work         ;
;             |Xor_1:g2|     ; 1 (1)               ; 0 (0)                     ; 0           ; 0          ; 0            ; 0       ; 0         ; 0    ; 0            ; 0          ; |FA_32|FA_4:fa7|FA_1:fa2|HA:ha2|Xor_1:g2 ; Xor_1       ; work         ;
;          |Or_1:o1|         ; 1 (1)               ; 0 (0)                     ; 0           ; 0          ; 0            ; 0       ; 0         ; 0    ; 0            ; 0          ; |FA_32|FA_4:fa7|FA_1:fa2|Or_1:o1         ; Or_1        ; work         ;
;       |FA_1:fa3|           ; 2 (0)               ; 0 (0)                     ; 0           ; 0          ; 0            ; 0       ; 0         ; 0    ; 0            ; 0          ; |FA_32|FA_4:fa7|FA_1:fa3                 ; FA_1        ; work         ;
;          |HA:ha2|          ; 1 (0)               ; 0 (0)                     ; 0           ; 0          ; 0            ; 0       ; 0         ; 0    ; 0            ; 0          ; |FA_32|FA_4:fa7|FA_1:fa3|HA:ha2          ; HA          ; work         ;
;             |Xor_1:g2|     ; 1 (1)               ; 0 (0)                     ; 0           ; 0          ; 0            ; 0       ; 0         ; 0    ; 0            ; 0          ; |FA_32|FA_4:fa7|FA_1:fa3|HA:ha2|Xor_1:g2 ; Xor_1       ; work         ;
;          |Or_1:o1|         ; 1 (1)               ; 0 (0)                     ; 0           ; 0          ; 0            ; 0       ; 0         ; 0    ; 0            ; 0          ; |FA_32|FA_4:fa7|FA_1:fa3|Or_1:o1         ; Or_1        ; work         ;
;       |FA_1:fa4|           ; 2 (0)               ; 0 (0)                     ; 0           ; 0          ; 0            ; 0       ; 0         ; 0    ; 0            ; 0          ; |FA_32|FA_4:fa7|FA_1:fa4                 ; FA_1        ; work         ;
;          |HA:ha2|          ; 1 (0)               ; 0 (0)                     ; 0           ; 0          ; 0            ; 0       ; 0         ; 0    ; 0            ; 0          ; |FA_32|FA_4:fa7|FA_1:fa4|HA:ha2          ; HA          ; work         ;
;             |Xor_1:g2|     ; 1 (1)               ; 0 (0)                     ; 0           ; 0          ; 0            ; 0       ; 0         ; 0    ; 0            ; 0          ; |FA_32|FA_4:fa7|FA_1:fa4|HA:ha2|Xor_1:g2 ; Xor_1       ; work         ;
;          |Or_1:o1|         ; 1 (1)               ; 0 (0)                     ; 0           ; 0          ; 0            ; 0       ; 0         ; 0    ; 0            ; 0          ; |FA_32|FA_4:fa7|FA_1:fa4|Or_1:o1         ; Or_1        ; work         ;
;    |FA_4:fa8|              ; 8 (0)               ; 0 (0)                     ; 0           ; 0          ; 0            ; 0       ; 0         ; 0    ; 0            ; 0          ; |FA_32|FA_4:fa8                          ; FA_4        ; work         ;
;       |FA_1:fa1|           ; 2 (0)               ; 0 (0)                     ; 0           ; 0          ; 0            ; 0       ; 0         ; 0    ; 0            ; 0          ; |FA_32|FA_4:fa8|FA_1:fa1                 ; FA_1        ; work         ;
;          |HA:ha2|          ; 1 (0)               ; 0 (0)                     ; 0           ; 0          ; 0            ; 0       ; 0         ; 0    ; 0            ; 0          ; |FA_32|FA_4:fa8|FA_1:fa1|HA:ha2          ; HA          ; work         ;
;             |Xor_1:g2|     ; 1 (1)               ; 0 (0)                     ; 0           ; 0          ; 0            ; 0       ; 0         ; 0    ; 0            ; 0          ; |FA_32|FA_4:fa8|FA_1:fa1|HA:ha2|Xor_1:g2 ; Xor_1       ; work         ;
;          |Or_1:o1|         ; 1 (1)               ; 0 (0)                     ; 0           ; 0          ; 0            ; 0       ; 0         ; 0    ; 0            ; 0          ; |FA_32|FA_4:fa8|FA_1:fa1|Or_1:o1         ; Or_1        ; work         ;
;       |FA_1:fa2|           ; 2 (0)               ; 0 (0)                     ; 0           ; 0          ; 0            ; 0       ; 0         ; 0    ; 0            ; 0          ; |FA_32|FA_4:fa8|FA_1:fa2                 ; FA_1        ; work         ;
;          |HA:ha2|          ; 1 (0)               ; 0 (0)                     ; 0           ; 0          ; 0            ; 0       ; 0         ; 0    ; 0            ; 0          ; |FA_32|FA_4:fa8|FA_1:fa2|HA:ha2          ; HA          ; work         ;
;             |Xor_1:g2|     ; 1 (1)               ; 0 (0)                     ; 0           ; 0          ; 0            ; 0       ; 0         ; 0    ; 0            ; 0          ; |FA_32|FA_4:fa8|FA_1:fa2|HA:ha2|Xor_1:g2 ; Xor_1       ; work         ;
;          |Or_1:o1|         ; 1 (1)               ; 0 (0)                     ; 0           ; 0          ; 0            ; 0       ; 0         ; 0    ; 0            ; 0          ; |FA_32|FA_4:fa8|FA_1:fa2|Or_1:o1         ; Or_1        ; work         ;
;       |FA_1:fa3|           ; 2 (0)               ; 0 (0)                     ; 0           ; 0          ; 0            ; 0       ; 0         ; 0    ; 0            ; 0          ; |FA_32|FA_4:fa8|FA_1:fa3                 ; FA_1        ; work         ;
;          |HA:ha2|          ; 1 (0)               ; 0 (0)                     ; 0           ; 0          ; 0            ; 0       ; 0         ; 0    ; 0            ; 0          ; |FA_32|FA_4:fa8|FA_1:fa3|HA:ha2          ; HA          ; work         ;
;             |Xor_1:g2|     ; 1 (1)               ; 0 (0)                     ; 0           ; 0          ; 0            ; 0       ; 0         ; 0    ; 0            ; 0          ; |FA_32|FA_4:fa8|FA_1:fa3|HA:ha2|Xor_1:g2 ; Xor_1       ; work         ;
;          |Or_1:o1|         ; 1 (1)               ; 0 (0)                     ; 0           ; 0          ; 0            ; 0       ; 0         ; 0    ; 0            ; 0          ; |FA_32|FA_4:fa8|FA_1:fa3|Or_1:o1         ; Or_1        ; work         ;
;       |FA_1:fa4|           ; 2 (0)               ; 0 (0)                     ; 0           ; 0          ; 0            ; 0       ; 0         ; 0    ; 0            ; 0          ; |FA_32|FA_4:fa8|FA_1:fa4                 ; FA_1        ; work         ;
;          |HA:ha2|          ; 1 (0)               ; 0 (0)                     ; 0           ; 0          ; 0            ; 0       ; 0         ; 0    ; 0            ; 0          ; |FA_32|FA_4:fa8|FA_1:fa4|HA:ha2          ; HA          ; work         ;
;             |Xor_1:g2|     ; 1 (1)               ; 0 (0)                     ; 0           ; 0          ; 0            ; 0       ; 0         ; 0    ; 0            ; 0          ; |FA_32|FA_4:fa8|FA_1:fa4|HA:ha2|Xor_1:g2 ; Xor_1       ; work         ;
;          |Or_1:o1|         ; 1 (1)               ; 0 (0)                     ; 0           ; 0          ; 0            ; 0       ; 0         ; 0    ; 0            ; 0          ; |FA_32|FA_4:fa8|FA_1:fa4|Or_1:o1         ; Or_1        ; work         ;
+----------------------------+---------------------+---------------------------+-------------+------------+--------------+---------+-----------+------+--------------+------------+------------------------------------------+-------------+--------------+
Note: For table entries with two numbers listed, the numbers in parentheses indicate the number of resources of the given type used by the specific entity alone. The numbers listed outside of parentheses indicate the total resources of the given type used by the specific entity and all of its sub-entities in the hierarchy.


+------------------------------------------------------+
; General Register Statistics                          ;
+----------------------------------------------+-------+
; Statistic                                    ; Value ;
+----------------------------------------------+-------+
; Total registers                              ; 0     ;
; Number of registers using Synchronous Clear  ; 0     ;
; Number of registers using Synchronous Load   ; 0     ;
; Number of registers using Asynchronous Clear ; 0     ;
; Number of registers using Asynchronous Load  ; 0     ;
; Number of registers using Clock Enable       ; 0     ;
; Number of registers using Preset             ; 0     ;
+----------------------------------------------+-------+


+-----------------------------------------------------+
; Post-Synthesis Netlist Statistics for Top Partition ;
+-----------------------+-----------------------------+
; Type                  ; Count                       ;
+-----------------------+-----------------------------+
; boundary_port         ; 98                          ;
; cycloneiii_lcell_comb ; 72                          ;
;     normal            ; 72                          ;
;         2 data inputs ; 12                          ;
;         3 data inputs ; 44                          ;
;         4 data inputs ; 16                          ;
;                       ;                             ;
; Max LUT depth         ; 28.00                       ;
; Average LUT depth     ; 17.43                       ;
+-----------------------+-----------------------------+


+-------------------------------+
; Elapsed Time Per Partition    ;
+----------------+--------------+
; Partition Name ; Elapsed Time ;
+----------------+--------------+
; Top            ; 00:00:00     ;
+----------------+--------------+


+-------------------------------+
; Analysis & Synthesis Messages ;
+-------------------------------+
Info: *******************************************************************
Info: Running Quartus Prime Analysis & Synthesis
    Info: Version 22.1std.0 Build 915 10/25/2022 SC Lite Edition
    Info: Processing started: Thu Dec  1 19:04:58 2022
Info: Command: quartus_map --read_settings_files=on --write_settings_files=off 32bit_adder -c 32bit_adder
Warning (18236): Number of processors has not been specified which may cause overloading on shared machines.  Set the global assignment NUM_PARALLEL_PROCESSORS in your QSF to an appropriate value for best performance.
Info (20030): Parallel compilation is enabled and will use 2 of the 2 processors detected
Info (12021): Found 1 design units, including 1 entities, in source file HA.sv
    Info (12023): Found entity 1: HA File: /home/alphadelta1803/Desktop/project/HA.sv Line: 1
Info (12021): Found 1 design units, including 1 entities, in source file And_1.sv
    Info (12023): Found entity 1: And_1 File: /home/alphadelta1803/Desktop/project/And_1.sv Line: 1
Info (12021): Found 1 design units, including 1 entities, in source file Xor_1.sv
    Info (12023): Found entity 1: Xor_1 File: /home/alphadelta1803/Desktop/project/Xor_1.sv Line: 1
Info (12021): Found 1 design units, including 1 entities, in source file Or_1.sv
    Info (12023): Found entity 1: Or_1 File: /home/alphadelta1803/Desktop/project/Or_1.sv Line: 1
Info (12021): Found 1 design units, including 1 entities, in source file FA_1.sv
    Info (12023): Found entity 1: FA_1 File: /home/alphadelta1803/Desktop/project/FA_1.sv Line: 1
Info (12021): Found 1 design units, including 1 entities, in source file FA_4.sv
    Info (12023): Found entity 1: FA_4 File: /home/alphadelta1803/Desktop/project/FA_4.sv Line: 1
Info (12021): Found 1 design units, including 1 entities, in source file FA_32.sv
    Info (12023): Found entity 1: FA_32 File: /home/alphadelta1803/Desktop/project/FA_32.sv Line: 1
Info (12021): Found 1 design units, including 1 entities, in source file FA_32_tb.sv
    Info (12023): Found entity 1: FA_32_tb File: /home/alphadelta1803/Desktop/project/FA_32_tb.sv Line: 1
Info (12127): Elaborating entity "FA_32" for the top level hierarchy
Info (12128): Elaborating entity "FA_4" for hierarchy "FA_4:fa1" File: /home/alphadelta1803/Desktop/project/FA_32.sv Line: 7
Info (12128): Elaborating entity "FA_1" for hierarchy "FA_4:fa1|FA_1:fa1" File: /home/alphadelta1803/Desktop/project/FA_4.sv Line: 7
Info (12128): Elaborating entity "HA" for hierarchy "FA_4:fa1|FA_1:fa1|HA:ha1" File: /home/alphadelta1803/Desktop/project/FA_1.sv Line: 5
Info (12128): Elaborating entity "And_1" for hierarchy "FA_4:fa1|FA_1:fa1|HA:ha1|And_1:g1" File: /home/alphadelta1803/Desktop/project/HA.sv Line: 4
Info (12128): Elaborating entity "Xor_1" for hierarchy "FA_4:fa1|FA_1:fa1|HA:ha1|Xor_1:g2" File: /home/alphadelta1803/Desktop/project/HA.sv Line: 5
Info (12128): Elaborating entity "Or_1" for hierarchy "FA_4:fa1|FA_1:fa1|Or_1:o1" File: /home/alphadelta1803/Desktop/project/FA_1.sv Line: 7
Info (286030): Timing-Driven Synthesis is running
Info (16010): Generating hard_block partition "hard_block:auto_generated_inst"
    Info (16011): Adding 0 node(s), including 0 DDIO, 0 PLL, 0 transceiver and 0 LCELL
Info (21057): Implemented 170 device resources after synthesis - the final resource count might be different
    Info (21058): Implemented 65 input pins
    Info (21059): Implemented 33 output pins
    Info (21061): Implemented 72 logic cells
Info: Quartus Prime Analysis & Synthesis was successful. 0 errors, 1 warning
    Info: Peak virtual memory: 381 megabytes
    Info: Processing ended: Thu Dec  1 19:05:09 2022
    Info: Elapsed time: 00:00:11
    Info: Total CPU time (on all processors): 00:00:25


